  30: This is info message
  74: ('/home/yh/pg_trans/postgresql-13.1/doc/src/sgml/pgbuffercache.sgml', 'startElement', 'sect1', 3, 53)
  74: ('/home/yh/pg_trans/postgresql-13.1/doc/src/sgml/pgbuffercache.sgml', 'startElement', 'title', 4, 8)
  88: ('/home/yh/pg_trans/postgresql-13.1/doc/src/sgml/pgbuffercache.sgml', 'endElement', 'title', 4, 30)
  74: ('/home/yh/pg_trans/postgresql-13.1/doc/src/sgml/pgbuffercache.sgml', 'startElement', 'indexterm', 6, 33)
  74: ('/home/yh/pg_trans/postgresql-13.1/doc/src/sgml/pgbuffercache.sgml', 'startElement', 'primary', 7, 11)
  88: ('/home/yh/pg_trans/postgresql-13.1/doc/src/sgml/pgbuffercache.sgml', 'endElement', 'primary', 7, 35)
  88: ('/home/yh/pg_trans/postgresql-13.1/doc/src/sgml/pgbuffercache.sgml', 'endElement', 'indexterm', 8, 13)
  74: ('/home/yh/pg_trans/postgresql-13.1/doc/src/sgml/pgbuffercache.sgml', 'startElement', 'para', 10, 7)
  74: ('/home/yh/pg_trans/postgresql-13.1/doc/src/sgml/pgbuffercache.sgml', 'startElement', 'filename', 11, 16)
  88: ('/home/yh/pg_trans/postgresql-13.1/doc/src/sgml/pgbuffercache.sgml', 'endElement', 'filename', 11, 41)
  88: ('/home/yh/pg_trans/postgresql-13.1/doc/src/sgml/pgbuffercache.sgml', 'endElement', 'para', 13, 8)
  74: ('/home/yh/pg_trans/postgresql-13.1/doc/src/sgml/pgbuffercache.sgml', 'startElement', 'indexterm', 15, 12)
  74: ('/home/yh/pg_trans/postgresql-13.1/doc/src/sgml/pgbuffercache.sgml', 'startElement', 'primary', 16, 11)
  88: ('/home/yh/pg_trans/postgresql-13.1/doc/src/sgml/pgbuffercache.sgml', 'endElement', 'primary', 16, 41)
  88: ('/home/yh/pg_trans/postgresql-13.1/doc/src/sgml/pgbuffercache.sgml', 'endElement', 'indexterm', 17, 13)
  74: ('/home/yh/pg_trans/postgresql-13.1/doc/src/sgml/pgbuffercache.sgml', 'startElement', 'para', 19, 7)
  74: ('/home/yh/pg_trans/postgresql-13.1/doc/src/sgml/pgbuffercache.sgml', 'startElement', 'function', 20, 45)
  88: ('/home/yh/pg_trans/postgresql-13.1/doc/src/sgml/pgbuffercache.sgml', 'endElement', 'function', 20, 76)
  74: ('/home/yh/pg_trans/postgresql-13.1/doc/src/sgml/pgbuffercache.sgml', 'startElement', 'structname', 22, 14)
  88: ('/home/yh/pg_trans/postgresql-13.1/doc/src/sgml/pgbuffercache.sgml', 'endElement', 'structname', 22, 41)
  88: ('/home/yh/pg_trans/postgresql-13.1/doc/src/sgml/pgbuffercache.sgml', 'endElement', 'para', 24, 8)
  74: ('/home/yh/pg_trans/postgresql-13.1/doc/src/sgml/pgbuffercache.sgml', 'startElement', 'para', 26, 7)
  74: ('/home/yh/pg_trans/postgresql-13.1/doc/src/sgml/pgbuffercache.sgml', 'startElement', 'literal', 28, 11)
  88: ('/home/yh/pg_trans/postgresql-13.1/doc/src/sgml/pgbuffercache.sgml', 'endElement', 'literal', 28, 31)
  74: ('/home/yh/pg_trans/postgresql-13.1/doc/src/sgml/pgbuffercache.sgml', 'startElement', 'command', 29, 17)
  88: ('/home/yh/pg_trans/postgresql-13.1/doc/src/sgml/pgbuffercache.sgml', 'endElement', 'command', 29, 32)
  88: ('/home/yh/pg_trans/postgresql-13.1/doc/src/sgml/pgbuffercache.sgml', 'endElement', 'para', 30, 8)
  74: ('/home/yh/pg_trans/postgresql-13.1/doc/src/sgml/pgbuffercache.sgml', 'startElement', 'sect2', 32, 8)
  74: ('/home/yh/pg_trans/postgresql-13.1/doc/src/sgml/pgbuffercache.sgml', 'startElement', 'title', 33, 9)
  74: ('/home/yh/pg_trans/postgresql-13.1/doc/src/sgml/pgbuffercache.sgml', 'startElement', 'structname', 33, 25)
  88: ('/home/yh/pg_trans/postgresql-13.1/doc/src/sgml/pgbuffercache.sgml', 'endElement', 'structname', 33, 52)
  88: ('/home/yh/pg_trans/postgresql-13.1/doc/src/sgml/pgbuffercache.sgml', 'endElement', 'title', 33, 65)
  74: ('/home/yh/pg_trans/postgresql-13.1/doc/src/sgml/pgbuffercache.sgml', 'startElement', 'para', 35, 8)
  88: ('/home/yh/pg_trans/postgresql-13.1/doc/src/sgml/pgbuffercache.sgml', 'endElement', 'para', 37, 9)
  74: ('/home/yh/pg_trans/postgresql-13.1/doc/src/sgml/pgbuffercache.sgml', 'startElement', 'table', 39, 36)
  74: ('/home/yh/pg_trans/postgresql-13.1/doc/src/sgml/pgbuffercache.sgml', 'startElement', 'title', 40, 10)
  74: ('/home/yh/pg_trans/postgresql-13.1/doc/src/sgml/pgbuffercache.sgml', 'startElement', 'structname', 40, 22)
  88: ('/home/yh/pg_trans/postgresql-13.1/doc/src/sgml/pgbuffercache.sgml', 'endElement', 'structname', 40, 49)
  88: ('/home/yh/pg_trans/postgresql-13.1/doc/src/sgml/pgbuffercache.sgml', 'endElement', 'title', 40, 65)
  74: ('/home/yh/pg_trans/postgresql-13.1/doc/src/sgml/pgbuffercache.sgml', 'startElement', 'tgroup', 41, 20)
  74: ('/home/yh/pg_trans/postgresql-13.1/doc/src/sgml/pgbuffercache.sgml', 'startElement', 'thead', 42, 11)
  74: ('/home/yh/pg_trans/postgresql-13.1/doc/src/sgml/pgbuffercache.sgml', 'startElement', 'row', 43, 10)
  74: ('/home/yh/pg_trans/postgresql-13.1/doc/src/sgml/pgbuffercache.sgml', 'startElement', 'entry', 44, 40)
  74: ('/home/yh/pg_trans/postgresql-13.1/doc/src/sgml/pgbuffercache.sgml', 'startElement', 'para', 44, 71)
  88: ('/home/yh/pg_trans/postgresql-13.1/doc/src/sgml/pgbuffercache.sgml', 'endElement', 'para', 46, 13)
  74: ('/home/yh/pg_trans/postgresql-13.1/doc/src/sgml/pgbuffercache.sgml', 'startElement', 'para', 47, 12)
  88: ('/home/yh/pg_trans/postgresql-13.1/doc/src/sgml/pgbuffercache.sgml', 'endElement', 'para', 49, 13)
  88: ('/home/yh/pg_trans/postgresql-13.1/doc/src/sgml/pgbuffercache.sgml', 'endElement', 'entry', 49, 21)
  88: ('/home/yh/pg_trans/postgresql-13.1/doc/src/sgml/pgbuffercache.sgml', 'endElement', 'row', 50, 11)
  88: ('/home/yh/pg_trans/postgresql-13.1/doc/src/sgml/pgbuffercache.sgml', 'endElement', 'thead', 51, 12)
  74: ('/home/yh/pg_trans/postgresql-13.1/doc/src/sgml/pgbuffercache.sgml', 'startElement', 'tbody', 53, 11)
  74: ('/home/yh/pg_trans/postgresql-13.1/doc/src/sgml/pgbuffercache.sgml', 'startElement', 'row', 54, 10)
  74: ('/home/yh/pg_trans/postgresql-13.1/doc/src/sgml/pgbuffercache.sgml', 'startElement', 'entry', 55, 40)
  74: ('/home/yh/pg_trans/postgresql-13.1/doc/src/sgml/pgbuffercache.sgml', 'startElement', 'para', 55, 71)
  74: ('/home/yh/pg_trans/postgresql-13.1/doc/src/sgml/pgbuffercache.sgml', 'startElement', 'structfield', 56, 20)
  88: ('/home/yh/pg_trans/postgresql-13.1/doc/src/sgml/pgbuffercache.sgml', 'endElement', 'structfield', 56, 42)
  74: ('/home/yh/pg_trans/postgresql-13.1/doc/src/sgml/pgbuffercache.sgml', 'startElement', 'type', 56, 49)
  88: ('/home/yh/pg_trans/postgresql-13.1/doc/src/sgml/pgbuffercache.sgml', 'endElement', 'type', 56, 63)
  88: ('/home/yh/pg_trans/postgresql-13.1/doc/src/sgml/pgbuffercache.sgml', 'endElement', 'para', 57, 13)
  74: ('/home/yh/pg_trans/postgresql-13.1/doc/src/sgml/pgbuffercache.sgml', 'startElement', 'para', 58, 12)
  74: ('/home/yh/pg_trans/postgresql-13.1/doc/src/sgml/pgbuffercache.sgml', 'startElement', 'varname', 59, 36)
  88: ('/home/yh/pg_trans/postgresql-13.1/doc/src/sgml/pgbuffercache.sgml', 'endElement', 'varname', 59, 60)
  88: ('/home/yh/pg_trans/postgresql-13.1/doc/src/sgml/pgbuffercache.sgml', 'endElement', 'para', 60, 13)
  88: ('/home/yh/pg_trans/postgresql-13.1/doc/src/sgml/pgbuffercache.sgml', 'endElement', 'entry', 60, 21)
  88: ('/home/yh/pg_trans/postgresql-13.1/doc/src/sgml/pgbuffercache.sgml', 'endElement', 'row', 61, 11)
  74: ('/home/yh/pg_trans/postgresql-13.1/doc/src/sgml/pgbuffercache.sgml', 'startElement', 'row', 63, 10)
  74: ('/home/yh/pg_trans/postgresql-13.1/doc/src/sgml/pgbuffercache.sgml', 'startElement', 'entry', 64, 40)
  74: ('/home/yh/pg_trans/postgresql-13.1/doc/src/sgml/pgbuffercache.sgml', 'startElement', 'para', 64, 71)
  74: ('/home/yh/pg_trans/postgresql-13.1/doc/src/sgml/pgbuffercache.sgml', 'startElement', 'structfield', 65, 20)
  88: ('/home/yh/pg_trans/postgresql-13.1/doc/src/sgml/pgbuffercache.sgml', 'endElement', 'structfield', 65, 45)
  74: ('/home/yh/pg_trans/postgresql-13.1/doc/src/sgml/pgbuffercache.sgml', 'startElement', 'type', 65, 52)
  88: ('/home/yh/pg_trans/postgresql-13.1/doc/src/sgml/pgbuffercache.sgml', 'endElement', 'type', 65, 62)
  74: ('/home/yh/pg_trans/postgresql-13.1/doc/src/sgml/pgbuffercache.sgml', 'startElement', 'link', 66, 52)
  74: ('/home/yh/pg_trans/postgresql-13.1/doc/src/sgml/pgbuffercache.sgml', 'startElement', 'structname', 66, 64)
  88: ('/home/yh/pg_trans/postgresql-13.1/doc/src/sgml/pgbuffercache.sgml', 'endElement', 'structname', 66, 85)
  88: ('/home/yh/pg_trans/postgresql-13.1/doc/src/sgml/pgbuffercache.sgml', 'endElement', 'link', 66, 92)
  74: ('/home/yh/pg_trans/postgresql-13.1/doc/src/sgml/pgbuffercache.sgml', 'startElement', 'structfield', 66, 106)
  88: ('/home/yh/pg_trans/postgresql-13.1/doc/src/sgml/pgbuffercache.sgml', 'endElement', 'structfield', 66, 131)
  88: ('/home/yh/pg_trans/postgresql-13.1/doc/src/sgml/pgbuffercache.sgml', 'endElement', 'para', 67, 13)
  74: ('/home/yh/pg_trans/postgresql-13.1/doc/src/sgml/pgbuffercache.sgml', 'startElement', 'para', 68, 12)
  88: ('/home/yh/pg_trans/postgresql-13.1/doc/src/sgml/pgbuffercache.sgml', 'endElement', 'para', 70, 13)
  88: ('/home/yh/pg_trans/postgresql-13.1/doc/src/sgml/pgbuffercache.sgml', 'endElement', 'entry', 70, 21)
  88: ('/home/yh/pg_trans/postgresql-13.1/doc/src/sgml/pgbuffercache.sgml', 'endElement', 'row', 71, 11)
  74: ('/home/yh/pg_trans/postgresql-13.1/doc/src/sgml/pgbuffercache.sgml', 'startElement', 'row', 73, 10)
  74: ('/home/yh/pg_trans/postgresql-13.1/doc/src/sgml/pgbuffercache.sgml', 'startElement', 'entry', 74, 40)
  74: ('/home/yh/pg_trans/postgresql-13.1/doc/src/sgml/pgbuffercache.sgml', 'startElement', 'para', 74, 71)
  74: ('/home/yh/pg_trans/postgresql-13.1/doc/src/sgml/pgbuffercache.sgml', 'startElement', 'structfield', 75, 20)
  88: ('/home/yh/pg_trans/postgresql-13.1/doc/src/sgml/pgbuffercache.sgml', 'endElement', 'structfield', 75, 47)
  74: ('/home/yh/pg_trans/postgresql-13.1/doc/src/sgml/pgbuffercache.sgml', 'startElement', 'type', 75, 54)
  88: ('/home/yh/pg_trans/postgresql-13.1/doc/src/sgml/pgbuffercache.sgml', 'endElement', 'type', 75, 64)
  74: ('/home/yh/pg_trans/postgresql-13.1/doc/src/sgml/pgbuffercache.sgml', 'startElement', 'link', 76, 57)
  74: ('/home/yh/pg_trans/postgresql-13.1/doc/src/sgml/pgbuffercache.sgml', 'startElement', 'structname', 76, 69)
  88: ('/home/yh/pg_trans/postgresql-13.1/doc/src/sgml/pgbuffercache.sgml', 'endElement', 'structname', 76, 95)
  88: ('/home/yh/pg_trans/postgresql-13.1/doc/src/sgml/pgbuffercache.sgml', 'endElement', 'link', 76, 102)
  74: ('/home/yh/pg_trans/postgresql-13.1/doc/src/sgml/pgbuffercache.sgml', 'startElement', 'structfield', 76, 116)
  88: ('/home/yh/pg_trans/postgresql-13.1/doc/src/sgml/pgbuffercache.sgml', 'endElement', 'structfield', 76, 133)
  88: ('/home/yh/pg_trans/postgresql-13.1/doc/src/sgml/pgbuffercache.sgml', 'endElement', 'para', 77, 13)
  74: ('/home/yh/pg_trans/postgresql-13.1/doc/src/sgml/pgbuffercache.sgml', 'startElement', 'para', 78, 12)
  88: ('/home/yh/pg_trans/postgresql-13.1/doc/src/sgml/pgbuffercache.sgml', 'endElement', 'para', 80, 13)
  88: ('/home/yh/pg_trans/postgresql-13.1/doc/src/sgml/pgbuffercache.sgml', 'endElement', 'entry', 80, 21)
  88: ('/home/yh/pg_trans/postgresql-13.1/doc/src/sgml/pgbuffercache.sgml', 'endElement', 'row', 81, 11)
  74: ('/home/yh/pg_trans/postgresql-13.1/doc/src/sgml/pgbuffercache.sgml', 'startElement', 'row', 83, 10)
  74: ('/home/yh/pg_trans/postgresql-13.1/doc/src/sgml/pgbuffercache.sgml', 'startElement', 'entry', 84, 40)
  74: ('/home/yh/pg_trans/postgresql-13.1/doc/src/sgml/pgbuffercache.sgml', 'startElement', 'para', 84, 71)
  74: ('/home/yh/pg_trans/postgresql-13.1/doc/src/sgml/pgbuffercache.sgml', 'startElement', 'structfield', 85, 20)
  88: ('/home/yh/pg_trans/postgresql-13.1/doc/src/sgml/pgbuffercache.sgml', 'endElement', 'structfield', 85, 45)
  74: ('/home/yh/pg_trans/postgresql-13.1/doc/src/sgml/pgbuffercache.sgml', 'startElement', 'type', 85, 52)
  88: ('/home/yh/pg_trans/postgresql-13.1/doc/src/sgml/pgbuffercache.sgml', 'endElement', 'type', 85, 62)
  74: ('/home/yh/pg_trans/postgresql-13.1/doc/src/sgml/pgbuffercache.sgml', 'startElement', 'link', 86, 55)
  74: ('/home/yh/pg_trans/postgresql-13.1/doc/src/sgml/pgbuffercache.sgml', 'startElement', 'structname', 86, 67)
  88: ('/home/yh/pg_trans/postgresql-13.1/doc/src/sgml/pgbuffercache.sgml', 'endElement', 'structname', 86, 91)
  88: ('/home/yh/pg_trans/postgresql-13.1/doc/src/sgml/pgbuffercache.sgml', 'endElement', 'link', 86, 98)
  74: ('/home/yh/pg_trans/postgresql-13.1/doc/src/sgml/pgbuffercache.sgml', 'startElement', 'structfield', 86, 112)
  88: ('/home/yh/pg_trans/postgresql-13.1/doc/src/sgml/pgbuffercache.sgml', 'endElement', 'structfield', 86, 129)
  88: ('/home/yh/pg_trans/postgresql-13.1/doc/src/sgml/pgbuffercache.sgml', 'endElement', 'para', 87, 13)
  74: ('/home/yh/pg_trans/postgresql-13.1/doc/src/sgml/pgbuffercache.sgml', 'startElement', 'para', 88, 12)
  88: ('/home/yh/pg_trans/postgresql-13.1/doc/src/sgml/pgbuffercache.sgml', 'endElement', 'para', 90, 13)
  88: ('/home/yh/pg_trans/postgresql-13.1/doc/src/sgml/pgbuffercache.sgml', 'endElement', 'entry', 90, 21)
  88: ('/home/yh/pg_trans/postgresql-13.1/doc/src/sgml/pgbuffercache.sgml', 'endElement', 'row', 91, 11)
  74: ('/home/yh/pg_trans/postgresql-13.1/doc/src/sgml/pgbuffercache.sgml', 'startElement', 'row', 93, 10)
  74: ('/home/yh/pg_trans/postgresql-13.1/doc/src/sgml/pgbuffercache.sgml', 'startElement', 'entry', 94, 40)
  74: ('/home/yh/pg_trans/postgresql-13.1/doc/src/sgml/pgbuffercache.sgml', 'startElement', 'para', 94, 71)
  74: ('/home/yh/pg_trans/postgresql-13.1/doc/src/sgml/pgbuffercache.sgml', 'startElement', 'structfield', 95, 20)
  88: ('/home/yh/pg_trans/postgresql-13.1/doc/src/sgml/pgbuffercache.sgml', 'endElement', 'structfield', 95, 47)
  74: ('/home/yh/pg_trans/postgresql-13.1/doc/src/sgml/pgbuffercache.sgml', 'startElement', 'type', 95, 54)
  88: ('/home/yh/pg_trans/postgresql-13.1/doc/src/sgml/pgbuffercache.sgml', 'endElement', 'type', 95, 69)
  88: ('/home/yh/pg_trans/postgresql-13.1/doc/src/sgml/pgbuffercache.sgml', 'endElement', 'para', 96, 13)
  74: ('/home/yh/pg_trans/postgresql-13.1/doc/src/sgml/pgbuffercache.sgml', 'startElement', 'para', 97, 12)
  74: ('/home/yh/pg_trans/postgresql-13.1/doc/src/sgml/pgbuffercache.sgml', 'startElement', 'filename', 99, 17)
  88: ('/home/yh/pg_trans/postgresql-13.1/doc/src/sgml/pgbuffercache.sgml', 'endElement', 'filename', 99, 52)
  88: ('/home/yh/pg_trans/postgresql-13.1/doc/src/sgml/pgbuffercache.sgml', 'endElement', 'para', 100, 13)
  88: ('/home/yh/pg_trans/postgresql-13.1/doc/src/sgml/pgbuffercache.sgml', 'endElement', 'entry', 100, 21)
  88: ('/home/yh/pg_trans/postgresql-13.1/doc/src/sgml/pgbuffercache.sgml', 'endElement', 'row', 101, 11)
  74: ('/home/yh/pg_trans/postgresql-13.1/doc/src/sgml/pgbuffercache.sgml', 'startElement', 'row', 103, 10)
  74: ('/home/yh/pg_trans/postgresql-13.1/doc/src/sgml/pgbuffercache.sgml', 'startElement', 'entry', 104, 40)
  74: ('/home/yh/pg_trans/postgresql-13.1/doc/src/sgml/pgbuffercache.sgml', 'startElement', 'para', 104, 71)
  74: ('/home/yh/pg_trans/postgresql-13.1/doc/src/sgml/pgbuffercache.sgml', 'startElement', 'structfield', 105, 20)
  88: ('/home/yh/pg_trans/postgresql-13.1/doc/src/sgml/pgbuffercache.sgml', 'endElement', 'structfield', 105, 48)
  74: ('/home/yh/pg_trans/postgresql-13.1/doc/src/sgml/pgbuffercache.sgml', 'startElement', 'type', 105, 55)
  88: ('/home/yh/pg_trans/postgresql-13.1/doc/src/sgml/pgbuffercache.sgml', 'endElement', 'type', 105, 68)
  88: ('/home/yh/pg_trans/postgresql-13.1/doc/src/sgml/pgbuffercache.sgml', 'endElement', 'para', 106, 13)
  74: ('/home/yh/pg_trans/postgresql-13.1/doc/src/sgml/pgbuffercache.sgml', 'startElement', 'para', 107, 12)
  88: ('/home/yh/pg_trans/postgresql-13.1/doc/src/sgml/pgbuffercache.sgml', 'endElement', 'para', 109, 13)
  88: ('/home/yh/pg_trans/postgresql-13.1/doc/src/sgml/pgbuffercache.sgml', 'endElement', 'entry', 109, 21)
  88: ('/home/yh/pg_trans/postgresql-13.1/doc/src/sgml/pgbuffercache.sgml', 'endElement', 'row', 110, 11)
  74: ('/home/yh/pg_trans/postgresql-13.1/doc/src/sgml/pgbuffercache.sgml', 'startElement', 'row', 112, 10)
  74: ('/home/yh/pg_trans/postgresql-13.1/doc/src/sgml/pgbuffercache.sgml', 'startElement', 'entry', 113, 40)
  74: ('/home/yh/pg_trans/postgresql-13.1/doc/src/sgml/pgbuffercache.sgml', 'startElement', 'para', 113, 71)
  74: ('/home/yh/pg_trans/postgresql-13.1/doc/src/sgml/pgbuffercache.sgml', 'startElement', 'structfield', 114, 20)
  88: ('/home/yh/pg_trans/postgresql-13.1/doc/src/sgml/pgbuffercache.sgml', 'endElement', 'structfield', 114, 41)
  74: ('/home/yh/pg_trans/postgresql-13.1/doc/src/sgml/pgbuffercache.sgml', 'startElement', 'type', 114, 48)
  88: ('/home/yh/pg_trans/postgresql-13.1/doc/src/sgml/pgbuffercache.sgml', 'endElement', 'type', 114, 62)
  88: ('/home/yh/pg_trans/postgresql-13.1/doc/src/sgml/pgbuffercache.sgml', 'endElement', 'para', 115, 13)
  74: ('/home/yh/pg_trans/postgresql-13.1/doc/src/sgml/pgbuffercache.sgml', 'startElement', 'para', 116, 12)
  88: ('/home/yh/pg_trans/postgresql-13.1/doc/src/sgml/pgbuffercache.sgml', 'endElement', 'para', 118, 13)
  88: ('/home/yh/pg_trans/postgresql-13.1/doc/src/sgml/pgbuffercache.sgml', 'endElement', 'entry', 118, 21)
  88: ('/home/yh/pg_trans/postgresql-13.1/doc/src/sgml/pgbuffercache.sgml', 'endElement', 'row', 119, 11)
  74: ('/home/yh/pg_trans/postgresql-13.1/doc/src/sgml/pgbuffercache.sgml', 'startElement', 'row', 121, 10)
  74: ('/home/yh/pg_trans/postgresql-13.1/doc/src/sgml/pgbuffercache.sgml', 'startElement', 'entry', 122, 40)
  74: ('/home/yh/pg_trans/postgresql-13.1/doc/src/sgml/pgbuffercache.sgml', 'startElement', 'para', 122, 71)
  74: ('/home/yh/pg_trans/postgresql-13.1/doc/src/sgml/pgbuffercache.sgml', 'startElement', 'structfield', 123, 20)
  88: ('/home/yh/pg_trans/postgresql-13.1/doc/src/sgml/pgbuffercache.sgml', 'endElement', 'structfield', 123, 44)
  74: ('/home/yh/pg_trans/postgresql-13.1/doc/src/sgml/pgbuffercache.sgml', 'startElement', 'type', 123, 51)
  88: ('/home/yh/pg_trans/postgresql-13.1/doc/src/sgml/pgbuffercache.sgml', 'endElement', 'type', 123, 66)
  88: ('/home/yh/pg_trans/postgresql-13.1/doc/src/sgml/pgbuffercache.sgml', 'endElement', 'para', 124, 13)
  74: ('/home/yh/pg_trans/postgresql-13.1/doc/src/sgml/pgbuffercache.sgml', 'startElement', 'para', 125, 12)
  88: ('/home/yh/pg_trans/postgresql-13.1/doc/src/sgml/pgbuffercache.sgml', 'endElement', 'para', 127, 13)
  88: ('/home/yh/pg_trans/postgresql-13.1/doc/src/sgml/pgbuffercache.sgml', 'endElement', 'entry', 127, 21)
  88: ('/home/yh/pg_trans/postgresql-13.1/doc/src/sgml/pgbuffercache.sgml', 'endElement', 'row', 128, 11)
  74: ('/home/yh/pg_trans/postgresql-13.1/doc/src/sgml/pgbuffercache.sgml', 'startElement', 'row', 130, 10)
  74: ('/home/yh/pg_trans/postgresql-13.1/doc/src/sgml/pgbuffercache.sgml', 'startElement', 'entry', 131, 40)
  74: ('/home/yh/pg_trans/postgresql-13.1/doc/src/sgml/pgbuffercache.sgml', 'startElement', 'para', 131, 71)
  74: ('/home/yh/pg_trans/postgresql-13.1/doc/src/sgml/pgbuffercache.sgml', 'startElement', 'structfield', 132, 20)
  88: ('/home/yh/pg_trans/postgresql-13.1/doc/src/sgml/pgbuffercache.sgml', 'endElement', 'structfield', 132, 50)
  74: ('/home/yh/pg_trans/postgresql-13.1/doc/src/sgml/pgbuffercache.sgml', 'startElement', 'type', 132, 57)
  88: ('/home/yh/pg_trans/postgresql-13.1/doc/src/sgml/pgbuffercache.sgml', 'endElement', 'type', 132, 71)
  88: ('/home/yh/pg_trans/postgresql-13.1/doc/src/sgml/pgbuffercache.sgml', 'endElement', 'para', 133, 13)
  74: ('/home/yh/pg_trans/postgresql-13.1/doc/src/sgml/pgbuffercache.sgml', 'startElement', 'para', 134, 12)
  88: ('/home/yh/pg_trans/postgresql-13.1/doc/src/sgml/pgbuffercache.sgml', 'endElement', 'para', 136, 13)
  88: ('/home/yh/pg_trans/postgresql-13.1/doc/src/sgml/pgbuffercache.sgml', 'endElement', 'entry', 136, 21)
  88: ('/home/yh/pg_trans/postgresql-13.1/doc/src/sgml/pgbuffercache.sgml', 'endElement', 'row', 137, 11)
  88: ('/home/yh/pg_trans/postgresql-13.1/doc/src/sgml/pgbuffercache.sgml', 'endElement', 'tbody', 138, 12)
  88: ('/home/yh/pg_trans/postgresql-13.1/doc/src/sgml/pgbuffercache.sgml', 'endElement', 'tgroup', 139, 12)
  88: ('/home/yh/pg_trans/postgresql-13.1/doc/src/sgml/pgbuffercache.sgml', 'endElement', 'table', 140, 10)
  74: ('/home/yh/pg_trans/postgresql-13.1/doc/src/sgml/pgbuffercache.sgml', 'startElement', 'para', 142, 8)
  74: ('/home/yh/pg_trans/postgresql-13.1/doc/src/sgml/pgbuffercache.sgml', 'startElement', 'structfield', 144, 50)
  88: ('/home/yh/pg_trans/postgresql-13.1/doc/src/sgml/pgbuffercache.sgml', 'endElement', 'structfield', 144, 72)
  88: ('/home/yh/pg_trans/postgresql-13.1/doc/src/sgml/pgbuffercache.sgml', 'endElement', 'para', 146, 9)
  74: ('/home/yh/pg_trans/postgresql-13.1/doc/src/sgml/pgbuffercache.sgml', 'startElement', 'para', 148, 8)
  74: ('/home/yh/pg_trans/postgresql-13.1/doc/src/sgml/pgbuffercache.sgml', 'startElement', 'structname', 151, 59)
  88: ('/home/yh/pg_trans/postgresql-13.1/doc/src/sgml/pgbuffercache.sgml', 'endElement', 'structname', 151, 80)
  74: ('/home/yh/pg_trans/postgresql-13.1/doc/src/sgml/pgbuffercache.sgml', 'startElement', 'structname', 153, 38)
  88: ('/home/yh/pg_trans/postgresql-13.1/doc/src/sgml/pgbuffercache.sgml', 'endElement', 'structname', 153, 59)
  74: ('/home/yh/pg_trans/postgresql-13.1/doc/src/sgml/pgbuffercache.sgml', 'startElement', 'structfield', 154, 49)
  88: ('/home/yh/pg_trans/postgresql-13.1/doc/src/sgml/pgbuffercache.sgml', 'endElement', 'structfield', 154, 74)
  88: ('/home/yh/pg_trans/postgresql-13.1/doc/src/sgml/pgbuffercache.sgml', 'endElement', 'para', 156, 9)
  74: ('/home/yh/pg_trans/postgresql-13.1/doc/src/sgml/pgbuffercache.sgml', 'startElement', 'para', 158, 8)
  74: ('/home/yh/pg_trans/postgresql-13.1/doc/src/sgml/pgbuffercache.sgml', 'startElement', 'structname', 160, 48)
  88: ('/home/yh/pg_trans/postgresql-13.1/doc/src/sgml/pgbuffercache.sgml', 'endElement', 'structname', 160, 75)
  88: ('/home/yh/pg_trans/postgresql-13.1/doc/src/sgml/pgbuffercache.sgml', 'endElement', 'para', 164, 9)
  88: ('/home/yh/pg_trans/postgresql-13.1/doc/src/sgml/pgbuffercache.sgml', 'endElement', 'sect2', 165, 9)
  74: ('/home/yh/pg_trans/postgresql-13.1/doc/src/sgml/pgbuffercache.sgml', 'startElement', 'sect2', 167, 8)
  74: ('/home/yh/pg_trans/postgresql-13.1/doc/src/sgml/pgbuffercache.sgml', 'startElement', 'title', 168, 9)
  88: ('/home/yh/pg_trans/postgresql-13.1/doc/src/sgml/pgbuffercache.sgml', 'endElement', 'title', 168, 30)
  74: ('/home/yh/pg_trans/postgresql-13.1/doc/src/sgml/pgbuffercache.sgml', 'startElement', 'screen', 170, 8)
  88: ('/home/yh/pg_trans/postgresql-13.1/doc/src/sgml/pgbuffercache.sgml', 'endElement', 'screen', 194, 9)
  88: ('/home/yh/pg_trans/postgresql-13.1/doc/src/sgml/pgbuffercache.sgml', 'endElement', 'sect2', 195, 9)
  74: ('/home/yh/pg_trans/postgresql-13.1/doc/src/sgml/pgbuffercache.sgml', 'startElement', 'sect2', 197, 8)
  74: ('/home/yh/pg_trans/postgresql-13.1/doc/src/sgml/pgbuffercache.sgml', 'startElement', 'title', 198, 9)
  88: ('/home/yh/pg_trans/postgresql-13.1/doc/src/sgml/pgbuffercache.sgml', 'endElement', 'title', 198, 24)
  74: ('/home/yh/pg_trans/postgresql-13.1/doc/src/sgml/pgbuffercache.sgml', 'startElement', 'para', 200, 8)
  74: ('/home/yh/pg_trans/postgresql-13.1/doc/src/sgml/pgbuffercache.sgml', 'startElement', 'email', 201, 24)
  88: ('/home/yh/pg_trans/postgresql-13.1/doc/src/sgml/pgbuffercache.sgml', 'endElement', 'email', 201, 54)
  88: ('/home/yh/pg_trans/postgresql-13.1/doc/src/sgml/pgbuffercache.sgml', 'endElement', 'para', 202, 9)
  74: ('/home/yh/pg_trans/postgresql-13.1/doc/src/sgml/pgbuffercache.sgml', 'startElement', 'para', 204, 8)
  74: ('/home/yh/pg_trans/postgresql-13.1/doc/src/sgml/pgbuffercache.sgml', 'startElement', 'email', 205, 42)
  88: ('/home/yh/pg_trans/postgresql-13.1/doc/src/sgml/pgbuffercache.sgml', 'endElement', 'email', 205, 67)
  88: ('/home/yh/pg_trans/postgresql-13.1/doc/src/sgml/pgbuffercache.sgml', 'endElement', 'para', 206, 9)
  74: ('/home/yh/pg_trans/postgresql-13.1/doc/src/sgml/pgbuffercache.sgml', 'startElement', 'para', 208, 8)
  74: ('/home/yh/pg_trans/postgresql-13.1/doc/src/sgml/pgbuffercache.sgml', 'startElement', 'email', 209, 37)
  88: ('/home/yh/pg_trans/postgresql-13.1/doc/src/sgml/pgbuffercache.sgml', 'endElement', 'email', 209, 62)
  88: ('/home/yh/pg_trans/postgresql-13.1/doc/src/sgml/pgbuffercache.sgml', 'endElement', 'para', 210, 9)
  88: ('/home/yh/pg_trans/postgresql-13.1/doc/src/sgml/pgbuffercache.sgml', 'endElement', 'sect2', 211, 9)
  88: ('/home/yh/pg_trans/postgresql-13.1/doc/src/sgml/pgbuffercache.sgml', 'endElement', 'sect1', 213, 8)
  74: ('/home/yh/pg_trans/postgresql-13.1/doc/src/sgml/pgbuffercache.sgml', 'startElement', 'sect1', 3, 53)
  74: ('/home/yh/pg_trans/postgresql-13.1/doc/src/sgml/pgbuffercache.sgml', 'startElement', 'title', 4, 8)
  88: ('/home/yh/pg_trans/postgresql-13.1/doc/src/sgml/pgbuffercache.sgml', 'endElement', 'title', 4, 30)
  74: ('/home/yh/pg_trans/postgresql-13.1/doc/src/sgml/pgbuffercache.sgml', 'startElement', 'indexterm', 6, 33)
  74: ('/home/yh/pg_trans/postgresql-13.1/doc/src/sgml/pgbuffercache.sgml', 'startElement', 'primary', 7, 11)
  88: ('/home/yh/pg_trans/postgresql-13.1/doc/src/sgml/pgbuffercache.sgml', 'endElement', 'primary', 7, 35)
  88: ('/home/yh/pg_trans/postgresql-13.1/doc/src/sgml/pgbuffercache.sgml', 'endElement', 'indexterm', 8, 13)
  74: ('/home/yh/pg_trans/postgresql-13.1/doc/src/sgml/pgbuffercache.sgml', 'startElement', 'para', 10, 7)
  74: ('/home/yh/pg_trans/postgresql-13.1/doc/src/sgml/pgbuffercache.sgml', 'startElement', 'filename', 11, 16)
  88: ('/home/yh/pg_trans/postgresql-13.1/doc/src/sgml/pgbuffercache.sgml', 'endElement', 'filename', 11, 41)
  88: ('/home/yh/pg_trans/postgresql-13.1/doc/src/sgml/pgbuffercache.sgml', 'endElement', 'para', 13, 8)
  74: ('/home/yh/pg_trans/postgresql-13.1/doc/src/sgml/pgbuffercache.sgml', 'startElement', 'indexterm', 15, 12)
  74: ('/home/yh/pg_trans/postgresql-13.1/doc/src/sgml/pgbuffercache.sgml', 'startElement', 'primary', 16, 11)
  88: ('/home/yh/pg_trans/postgresql-13.1/doc/src/sgml/pgbuffercache.sgml', 'endElement', 'primary', 16, 41)
  88: ('/home/yh/pg_trans/postgresql-13.1/doc/src/sgml/pgbuffercache.sgml', 'endElement', 'indexterm', 17, 13)
  74: ('/home/yh/pg_trans/postgresql-13.1/doc/src/sgml/pgbuffercache.sgml', 'startElement', 'para', 19, 7)
  74: ('/home/yh/pg_trans/postgresql-13.1/doc/src/sgml/pgbuffercache.sgml', 'startElement', 'function', 20, 45)
  88: ('/home/yh/pg_trans/postgresql-13.1/doc/src/sgml/pgbuffercache.sgml', 'endElement', 'function', 20, 76)
  74: ('/home/yh/pg_trans/postgresql-13.1/doc/src/sgml/pgbuffercache.sgml', 'startElement', 'structname', 22, 14)
  88: ('/home/yh/pg_trans/postgresql-13.1/doc/src/sgml/pgbuffercache.sgml', 'endElement', 'structname', 22, 41)
  88: ('/home/yh/pg_trans/postgresql-13.1/doc/src/sgml/pgbuffercache.sgml', 'endElement', 'para', 24, 8)
  74: ('/home/yh/pg_trans/postgresql-13.1/doc/src/sgml/pgbuffercache.sgml', 'startElement', 'para', 26, 7)
  74: ('/home/yh/pg_trans/postgresql-13.1/doc/src/sgml/pgbuffercache.sgml', 'startElement', 'literal', 28, 11)
  88: ('/home/yh/pg_trans/postgresql-13.1/doc/src/sgml/pgbuffercache.sgml', 'endElement', 'literal', 28, 31)
  74: ('/home/yh/pg_trans/postgresql-13.1/doc/src/sgml/pgbuffercache.sgml', 'startElement', 'command', 29, 17)
  88: ('/home/yh/pg_trans/postgresql-13.1/doc/src/sgml/pgbuffercache.sgml', 'endElement', 'command', 29, 32)
  88: ('/home/yh/pg_trans/postgresql-13.1/doc/src/sgml/pgbuffercache.sgml', 'endElement', 'para', 30, 8)
  74: ('/home/yh/pg_trans/postgresql-13.1/doc/src/sgml/pgbuffercache.sgml', 'startElement', 'sect2', 32, 8)
  74: ('/home/yh/pg_trans/postgresql-13.1/doc/src/sgml/pgbuffercache.sgml', 'startElement', 'title', 33, 9)
  74: ('/home/yh/pg_trans/postgresql-13.1/doc/src/sgml/pgbuffercache.sgml', 'startElement', 'structname', 33, 25)
  88: ('/home/yh/pg_trans/postgresql-13.1/doc/src/sgml/pgbuffercache.sgml', 'endElement', 'structname', 33, 52)
  88: ('/home/yh/pg_trans/postgresql-13.1/doc/src/sgml/pgbuffercache.sgml', 'endElement', 'title', 33, 65)
  74: ('/home/yh/pg_trans/postgresql-13.1/doc/src/sgml/pgbuffercache.sgml', 'startElement', 'para', 35, 8)
  88: ('/home/yh/pg_trans/postgresql-13.1/doc/src/sgml/pgbuffercache.sgml', 'endElement', 'para', 37, 9)
  74: ('/home/yh/pg_trans/postgresql-13.1/doc/src/sgml/pgbuffercache.sgml', 'startElement', 'table', 39, 36)
  74: ('/home/yh/pg_trans/postgresql-13.1/doc/src/sgml/pgbuffercache.sgml', 'startElement', 'title', 40, 10)
  74: ('/home/yh/pg_trans/postgresql-13.1/doc/src/sgml/pgbuffercache.sgml', 'startElement', 'structname', 40, 22)
  88: ('/home/yh/pg_trans/postgresql-13.1/doc/src/sgml/pgbuffercache.sgml', 'endElement', 'structname', 40, 49)
  88: ('/home/yh/pg_trans/postgresql-13.1/doc/src/sgml/pgbuffercache.sgml', 'endElement', 'title', 40, 65)
  74: ('/home/yh/pg_trans/postgresql-13.1/doc/src/sgml/pgbuffercache.sgml', 'startElement', 'tgroup', 41, 20)
  74: ('/home/yh/pg_trans/postgresql-13.1/doc/src/sgml/pgbuffercache.sgml', 'startElement', 'thead', 42, 11)
  74: ('/home/yh/pg_trans/postgresql-13.1/doc/src/sgml/pgbuffercache.sgml', 'startElement', 'row', 43, 10)
  74: ('/home/yh/pg_trans/postgresql-13.1/doc/src/sgml/pgbuffercache.sgml', 'startElement', 'entry', 44, 40)
  74: ('/home/yh/pg_trans/postgresql-13.1/doc/src/sgml/pgbuffercache.sgml', 'startElement', 'para', 44, 71)
  88: ('/home/yh/pg_trans/postgresql-13.1/doc/src/sgml/pgbuffercache.sgml', 'endElement', 'para', 46, 13)
  74: ('/home/yh/pg_trans/postgresql-13.1/doc/src/sgml/pgbuffercache.sgml', 'startElement', 'para', 47, 12)
  88: ('/home/yh/pg_trans/postgresql-13.1/doc/src/sgml/pgbuffercache.sgml', 'endElement', 'para', 49, 13)
  88: ('/home/yh/pg_trans/postgresql-13.1/doc/src/sgml/pgbuffercache.sgml', 'endElement', 'entry', 49, 21)
  88: ('/home/yh/pg_trans/postgresql-13.1/doc/src/sgml/pgbuffercache.sgml', 'endElement', 'row', 50, 11)
  88: ('/home/yh/pg_trans/postgresql-13.1/doc/src/sgml/pgbuffercache.sgml', 'endElement', 'thead', 51, 12)
  74: ('/home/yh/pg_trans/postgresql-13.1/doc/src/sgml/pgbuffercache.sgml', 'startElement', 'tbody', 53, 11)
  74: ('/home/yh/pg_trans/postgresql-13.1/doc/src/sgml/pgbuffercache.sgml', 'startElement', 'row', 54, 10)
  74: ('/home/yh/pg_trans/postgresql-13.1/doc/src/sgml/pgbuffercache.sgml', 'startElement', 'entry', 55, 40)
  74: ('/home/yh/pg_trans/postgresql-13.1/doc/src/sgml/pgbuffercache.sgml', 'startElement', 'para', 55, 71)
  74: ('/home/yh/pg_trans/postgresql-13.1/doc/src/sgml/pgbuffercache.sgml', 'startElement', 'structfield', 56, 20)
  88: ('/home/yh/pg_trans/postgresql-13.1/doc/src/sgml/pgbuffercache.sgml', 'endElement', 'structfield', 56, 42)
  74: ('/home/yh/pg_trans/postgresql-13.1/doc/src/sgml/pgbuffercache.sgml', 'startElement', 'type', 56, 49)
  88: ('/home/yh/pg_trans/postgresql-13.1/doc/src/sgml/pgbuffercache.sgml', 'endElement', 'type', 56, 63)
  88: ('/home/yh/pg_trans/postgresql-13.1/doc/src/sgml/pgbuffercache.sgml', 'endElement', 'para', 57, 13)
  74: ('/home/yh/pg_trans/postgresql-13.1/doc/src/sgml/pgbuffercache.sgml', 'startElement', 'para', 58, 12)
  74: ('/home/yh/pg_trans/postgresql-13.1/doc/src/sgml/pgbuffercache.sgml', 'startElement', 'varname', 59, 36)
  88: ('/home/yh/pg_trans/postgresql-13.1/doc/src/sgml/pgbuffercache.sgml', 'endElement', 'varname', 59, 60)
  88: ('/home/yh/pg_trans/postgresql-13.1/doc/src/sgml/pgbuffercache.sgml', 'endElement', 'para', 60, 13)
  88: ('/home/yh/pg_trans/postgresql-13.1/doc/src/sgml/pgbuffercache.sgml', 'endElement', 'entry', 60, 21)
  88: ('/home/yh/pg_trans/postgresql-13.1/doc/src/sgml/pgbuffercache.sgml', 'endElement', 'row', 61, 11)
  74: ('/home/yh/pg_trans/postgresql-13.1/doc/src/sgml/pgbuffercache.sgml', 'startElement', 'row', 63, 10)
  74: ('/home/yh/pg_trans/postgresql-13.1/doc/src/sgml/pgbuffercache.sgml', 'startElement', 'entry', 64, 40)
  74: ('/home/yh/pg_trans/postgresql-13.1/doc/src/sgml/pgbuffercache.sgml', 'startElement', 'para', 64, 71)
  74: ('/home/yh/pg_trans/postgresql-13.1/doc/src/sgml/pgbuffercache.sgml', 'startElement', 'structfield', 65, 20)
  88: ('/home/yh/pg_trans/postgresql-13.1/doc/src/sgml/pgbuffercache.sgml', 'endElement', 'structfield', 65, 45)
  74: ('/home/yh/pg_trans/postgresql-13.1/doc/src/sgml/pgbuffercache.sgml', 'startElement', 'type', 65, 52)
  88: ('/home/yh/pg_trans/postgresql-13.1/doc/src/sgml/pgbuffercache.sgml', 'endElement', 'type', 65, 62)
  74: ('/home/yh/pg_trans/postgresql-13.1/doc/src/sgml/pgbuffercache.sgml', 'startElement', 'link', 66, 52)
  74: ('/home/yh/pg_trans/postgresql-13.1/doc/src/sgml/pgbuffercache.sgml', 'startElement', 'structname', 66, 64)
  88: ('/home/yh/pg_trans/postgresql-13.1/doc/src/sgml/pgbuffercache.sgml', 'endElement', 'structname', 66, 85)
  88: ('/home/yh/pg_trans/postgresql-13.1/doc/src/sgml/pgbuffercache.sgml', 'endElement', 'link', 66, 92)
  74: ('/home/yh/pg_trans/postgresql-13.1/doc/src/sgml/pgbuffercache.sgml', 'startElement', 'structfield', 66, 106)
  88: ('/home/yh/pg_trans/postgresql-13.1/doc/src/sgml/pgbuffercache.sgml', 'endElement', 'structfield', 66, 131)
  88: ('/home/yh/pg_trans/postgresql-13.1/doc/src/sgml/pgbuffercache.sgml', 'endElement', 'para', 67, 13)
  74: ('/home/yh/pg_trans/postgresql-13.1/doc/src/sgml/pgbuffercache.sgml', 'startElement', 'para', 68, 12)
  88: ('/home/yh/pg_trans/postgresql-13.1/doc/src/sgml/pgbuffercache.sgml', 'endElement', 'para', 70, 13)
  88: ('/home/yh/pg_trans/postgresql-13.1/doc/src/sgml/pgbuffercache.sgml', 'endElement', 'entry', 70, 21)
  88: ('/home/yh/pg_trans/postgresql-13.1/doc/src/sgml/pgbuffercache.sgml', 'endElement', 'row', 71, 11)
  74: ('/home/yh/pg_trans/postgresql-13.1/doc/src/sgml/pgbuffercache.sgml', 'startElement', 'row', 73, 10)
  74: ('/home/yh/pg_trans/postgresql-13.1/doc/src/sgml/pgbuffercache.sgml', 'startElement', 'entry', 74, 40)
  74: ('/home/yh/pg_trans/postgresql-13.1/doc/src/sgml/pgbuffercache.sgml', 'startElement', 'para', 74, 71)
  74: ('/home/yh/pg_trans/postgresql-13.1/doc/src/sgml/pgbuffercache.sgml', 'startElement', 'structfield', 75, 20)
  88: ('/home/yh/pg_trans/postgresql-13.1/doc/src/sgml/pgbuffercache.sgml', 'endElement', 'structfield', 75, 47)
  74: ('/home/yh/pg_trans/postgresql-13.1/doc/src/sgml/pgbuffercache.sgml', 'startElement', 'type', 75, 54)
  88: ('/home/yh/pg_trans/postgresql-13.1/doc/src/sgml/pgbuffercache.sgml', 'endElement', 'type', 75, 64)
  74: ('/home/yh/pg_trans/postgresql-13.1/doc/src/sgml/pgbuffercache.sgml', 'startElement', 'link', 76, 57)
  74: ('/home/yh/pg_trans/postgresql-13.1/doc/src/sgml/pgbuffercache.sgml', 'startElement', 'structname', 76, 69)
  88: ('/home/yh/pg_trans/postgresql-13.1/doc/src/sgml/pgbuffercache.sgml', 'endElement', 'structname', 76, 95)
  88: ('/home/yh/pg_trans/postgresql-13.1/doc/src/sgml/pgbuffercache.sgml', 'endElement', 'link', 76, 102)
  74: ('/home/yh/pg_trans/postgresql-13.1/doc/src/sgml/pgbuffercache.sgml', 'startElement', 'structfield', 76, 116)
  88: ('/home/yh/pg_trans/postgresql-13.1/doc/src/sgml/pgbuffercache.sgml', 'endElement', 'structfield', 76, 133)
  88: ('/home/yh/pg_trans/postgresql-13.1/doc/src/sgml/pgbuffercache.sgml', 'endElement', 'para', 77, 13)
  74: ('/home/yh/pg_trans/postgresql-13.1/doc/src/sgml/pgbuffercache.sgml', 'startElement', 'para', 78, 12)
  88: ('/home/yh/pg_trans/postgresql-13.1/doc/src/sgml/pgbuffercache.sgml', 'endElement', 'para', 80, 13)
  88: ('/home/yh/pg_trans/postgresql-13.1/doc/src/sgml/pgbuffercache.sgml', 'endElement', 'entry', 80, 21)
  88: ('/home/yh/pg_trans/postgresql-13.1/doc/src/sgml/pgbuffercache.sgml', 'endElement', 'row', 81, 11)
  74: ('/home/yh/pg_trans/postgresql-13.1/doc/src/sgml/pgbuffercache.sgml', 'startElement', 'row', 83, 10)
  74: ('/home/yh/pg_trans/postgresql-13.1/doc/src/sgml/pgbuffercache.sgml', 'startElement', 'entry', 84, 40)
  74: ('/home/yh/pg_trans/postgresql-13.1/doc/src/sgml/pgbuffercache.sgml', 'startElement', 'para', 84, 71)
  74: ('/home/yh/pg_trans/postgresql-13.1/doc/src/sgml/pgbuffercache.sgml', 'startElement', 'structfield', 85, 20)
  88: ('/home/yh/pg_trans/postgresql-13.1/doc/src/sgml/pgbuffercache.sgml', 'endElement', 'structfield', 85, 45)
  74: ('/home/yh/pg_trans/postgresql-13.1/doc/src/sgml/pgbuffercache.sgml', 'startElement', 'type', 85, 52)
  88: ('/home/yh/pg_trans/postgresql-13.1/doc/src/sgml/pgbuffercache.sgml', 'endElement', 'type', 85, 62)
  74: ('/home/yh/pg_trans/postgresql-13.1/doc/src/sgml/pgbuffercache.sgml', 'startElement', 'link', 86, 55)
  74: ('/home/yh/pg_trans/postgresql-13.1/doc/src/sgml/pgbuffercache.sgml', 'startElement', 'structname', 86, 67)
  88: ('/home/yh/pg_trans/postgresql-13.1/doc/src/sgml/pgbuffercache.sgml', 'endElement', 'structname', 86, 91)
  88: ('/home/yh/pg_trans/postgresql-13.1/doc/src/sgml/pgbuffercache.sgml', 'endElement', 'link', 86, 98)
  74: ('/home/yh/pg_trans/postgresql-13.1/doc/src/sgml/pgbuffercache.sgml', 'startElement', 'structfield', 86, 112)
  88: ('/home/yh/pg_trans/postgresql-13.1/doc/src/sgml/pgbuffercache.sgml', 'endElement', 'structfield', 86, 129)
  88: ('/home/yh/pg_trans/postgresql-13.1/doc/src/sgml/pgbuffercache.sgml', 'endElement', 'para', 87, 13)
  74: ('/home/yh/pg_trans/postgresql-13.1/doc/src/sgml/pgbuffercache.sgml', 'startElement', 'para', 88, 12)
  88: ('/home/yh/pg_trans/postgresql-13.1/doc/src/sgml/pgbuffercache.sgml', 'endElement', 'para', 90, 13)
  88: ('/home/yh/pg_trans/postgresql-13.1/doc/src/sgml/pgbuffercache.sgml', 'endElement', 'entry', 90, 21)
  88: ('/home/yh/pg_trans/postgresql-13.1/doc/src/sgml/pgbuffercache.sgml', 'endElement', 'row', 91, 11)
  74: ('/home/yh/pg_trans/postgresql-13.1/doc/src/sgml/pgbuffercache.sgml', 'startElement', 'row', 93, 10)
  74: ('/home/yh/pg_trans/postgresql-13.1/doc/src/sgml/pgbuffercache.sgml', 'startElement', 'entry', 94, 40)
  74: ('/home/yh/pg_trans/postgresql-13.1/doc/src/sgml/pgbuffercache.sgml', 'startElement', 'para', 94, 71)
  74: ('/home/yh/pg_trans/postgresql-13.1/doc/src/sgml/pgbuffercache.sgml', 'startElement', 'structfield', 95, 20)
  88: ('/home/yh/pg_trans/postgresql-13.1/doc/src/sgml/pgbuffercache.sgml', 'endElement', 'structfield', 95, 47)
  74: ('/home/yh/pg_trans/postgresql-13.1/doc/src/sgml/pgbuffercache.sgml', 'startElement', 'type', 95, 54)
  88: ('/home/yh/pg_trans/postgresql-13.1/doc/src/sgml/pgbuffercache.sgml', 'endElement', 'type', 95, 69)
  88: ('/home/yh/pg_trans/postgresql-13.1/doc/src/sgml/pgbuffercache.sgml', 'endElement', 'para', 96, 13)
  74: ('/home/yh/pg_trans/postgresql-13.1/doc/src/sgml/pgbuffercache.sgml', 'startElement', 'para', 97, 12)
  74: ('/home/yh/pg_trans/postgresql-13.1/doc/src/sgml/pgbuffercache.sgml', 'startElement', 'filename', 99, 17)
  88: ('/home/yh/pg_trans/postgresql-13.1/doc/src/sgml/pgbuffercache.sgml', 'endElement', 'filename', 99, 52)
  88: ('/home/yh/pg_trans/postgresql-13.1/doc/src/sgml/pgbuffercache.sgml', 'endElement', 'para', 100, 13)
  88: ('/home/yh/pg_trans/postgresql-13.1/doc/src/sgml/pgbuffercache.sgml', 'endElement', 'entry', 100, 21)
  88: ('/home/yh/pg_trans/postgresql-13.1/doc/src/sgml/pgbuffercache.sgml', 'endElement', 'row', 101, 11)
  74: ('/home/yh/pg_trans/postgresql-13.1/doc/src/sgml/pgbuffercache.sgml', 'startElement', 'row', 103, 10)
  74: ('/home/yh/pg_trans/postgresql-13.1/doc/src/sgml/pgbuffercache.sgml', 'startElement', 'entry', 104, 40)
  74: ('/home/yh/pg_trans/postgresql-13.1/doc/src/sgml/pgbuffercache.sgml', 'startElement', 'para', 104, 71)
  74: ('/home/yh/pg_trans/postgresql-13.1/doc/src/sgml/pgbuffercache.sgml', 'startElement', 'structfield', 105, 20)
  88: ('/home/yh/pg_trans/postgresql-13.1/doc/src/sgml/pgbuffercache.sgml', 'endElement', 'structfield', 105, 48)
  74: ('/home/yh/pg_trans/postgresql-13.1/doc/src/sgml/pgbuffercache.sgml', 'startElement', 'type', 105, 55)
  88: ('/home/yh/pg_trans/postgresql-13.1/doc/src/sgml/pgbuffercache.sgml', 'endElement', 'type', 105, 68)
  88: ('/home/yh/pg_trans/postgresql-13.1/doc/src/sgml/pgbuffercache.sgml', 'endElement', 'para', 106, 13)
  74: ('/home/yh/pg_trans/postgresql-13.1/doc/src/sgml/pgbuffercache.sgml', 'startElement', 'para', 107, 12)
  88: ('/home/yh/pg_trans/postgresql-13.1/doc/src/sgml/pgbuffercache.sgml', 'endElement', 'para', 109, 13)
  88: ('/home/yh/pg_trans/postgresql-13.1/doc/src/sgml/pgbuffercache.sgml', 'endElement', 'entry', 109, 21)
  88: ('/home/yh/pg_trans/postgresql-13.1/doc/src/sgml/pgbuffercache.sgml', 'endElement', 'row', 110, 11)
  74: ('/home/yh/pg_trans/postgresql-13.1/doc/src/sgml/pgbuffercache.sgml', 'startElement', 'row', 112, 10)
  74: ('/home/yh/pg_trans/postgresql-13.1/doc/src/sgml/pgbuffercache.sgml', 'startElement', 'entry', 113, 40)
  74: ('/home/yh/pg_trans/postgresql-13.1/doc/src/sgml/pgbuffercache.sgml', 'startElement', 'para', 113, 71)
  74: ('/home/yh/pg_trans/postgresql-13.1/doc/src/sgml/pgbuffercache.sgml', 'startElement', 'structfield', 114, 20)
  88: ('/home/yh/pg_trans/postgresql-13.1/doc/src/sgml/pgbuffercache.sgml', 'endElement', 'structfield', 114, 41)
  74: ('/home/yh/pg_trans/postgresql-13.1/doc/src/sgml/pgbuffercache.sgml', 'startElement', 'type', 114, 48)
  88: ('/home/yh/pg_trans/postgresql-13.1/doc/src/sgml/pgbuffercache.sgml', 'endElement', 'type', 114, 62)
  88: ('/home/yh/pg_trans/postgresql-13.1/doc/src/sgml/pgbuffercache.sgml', 'endElement', 'para', 115, 13)
  74: ('/home/yh/pg_trans/postgresql-13.1/doc/src/sgml/pgbuffercache.sgml', 'startElement', 'para', 116, 12)
  88: ('/home/yh/pg_trans/postgresql-13.1/doc/src/sgml/pgbuffercache.sgml', 'endElement', 'para', 118, 13)
  88: ('/home/yh/pg_trans/postgresql-13.1/doc/src/sgml/pgbuffercache.sgml', 'endElement', 'entry', 118, 21)
  88: ('/home/yh/pg_trans/postgresql-13.1/doc/src/sgml/pgbuffercache.sgml', 'endElement', 'row', 119, 11)
  74: ('/home/yh/pg_trans/postgresql-13.1/doc/src/sgml/pgbuffercache.sgml', 'startElement', 'row', 121, 10)
  74: ('/home/yh/pg_trans/postgresql-13.1/doc/src/sgml/pgbuffercache.sgml', 'startElement', 'entry', 122, 40)
  74: ('/home/yh/pg_trans/postgresql-13.1/doc/src/sgml/pgbuffercache.sgml', 'startElement', 'para', 122, 71)
  74: ('/home/yh/pg_trans/postgresql-13.1/doc/src/sgml/pgbuffercache.sgml', 'startElement', 'structfield', 123, 20)
  88: ('/home/yh/pg_trans/postgresql-13.1/doc/src/sgml/pgbuffercache.sgml', 'endElement', 'structfield', 123, 44)
  74: ('/home/yh/pg_trans/postgresql-13.1/doc/src/sgml/pgbuffercache.sgml', 'startElement', 'type', 123, 51)
  88: ('/home/yh/pg_trans/postgresql-13.1/doc/src/sgml/pgbuffercache.sgml', 'endElement', 'type', 123, 66)
  88: ('/home/yh/pg_trans/postgresql-13.1/doc/src/sgml/pgbuffercache.sgml', 'endElement', 'para', 124, 13)
  74: ('/home/yh/pg_trans/postgresql-13.1/doc/src/sgml/pgbuffercache.sgml', 'startElement', 'para', 125, 12)
  88: ('/home/yh/pg_trans/postgresql-13.1/doc/src/sgml/pgbuffercache.sgml', 'endElement', 'para', 127, 13)
  88: ('/home/yh/pg_trans/postgresql-13.1/doc/src/sgml/pgbuffercache.sgml', 'endElement', 'entry', 127, 21)
  88: ('/home/yh/pg_trans/postgresql-13.1/doc/src/sgml/pgbuffercache.sgml', 'endElement', 'row', 128, 11)
  74: ('/home/yh/pg_trans/postgresql-13.1/doc/src/sgml/pgbuffercache.sgml', 'startElement', 'row', 130, 10)
  74: ('/home/yh/pg_trans/postgresql-13.1/doc/src/sgml/pgbuffercache.sgml', 'startElement', 'entry', 131, 40)
  74: ('/home/yh/pg_trans/postgresql-13.1/doc/src/sgml/pgbuffercache.sgml', 'startElement', 'para', 131, 71)
  74: ('/home/yh/pg_trans/postgresql-13.1/doc/src/sgml/pgbuffercache.sgml', 'startElement', 'structfield', 132, 20)
  88: ('/home/yh/pg_trans/postgresql-13.1/doc/src/sgml/pgbuffercache.sgml', 'endElement', 'structfield', 132, 50)
  74: ('/home/yh/pg_trans/postgresql-13.1/doc/src/sgml/pgbuffercache.sgml', 'startElement', 'type', 132, 57)
  88: ('/home/yh/pg_trans/postgresql-13.1/doc/src/sgml/pgbuffercache.sgml', 'endElement', 'type', 132, 71)
  88: ('/home/yh/pg_trans/postgresql-13.1/doc/src/sgml/pgbuffercache.sgml', 'endElement', 'para', 133, 13)
  74: ('/home/yh/pg_trans/postgresql-13.1/doc/src/sgml/pgbuffercache.sgml', 'startElement', 'para', 134, 12)
  88: ('/home/yh/pg_trans/postgresql-13.1/doc/src/sgml/pgbuffercache.sgml', 'endElement', 'para', 136, 13)
  88: ('/home/yh/pg_trans/postgresql-13.1/doc/src/sgml/pgbuffercache.sgml', 'endElement', 'entry', 136, 21)
  88: ('/home/yh/pg_trans/postgresql-13.1/doc/src/sgml/pgbuffercache.sgml', 'endElement', 'row', 137, 11)
  88: ('/home/yh/pg_trans/postgresql-13.1/doc/src/sgml/pgbuffercache.sgml', 'endElement', 'tbody', 138, 12)
  88: ('/home/yh/pg_trans/postgresql-13.1/doc/src/sgml/pgbuffercache.sgml', 'endElement', 'tgroup', 139, 12)
  88: ('/home/yh/pg_trans/postgresql-13.1/doc/src/sgml/pgbuffercache.sgml', 'endElement', 'table', 140, 10)
  74: ('/home/yh/pg_trans/postgresql-13.1/doc/src/sgml/pgbuffercache.sgml', 'startElement', 'para', 142, 8)
  74: ('/home/yh/pg_trans/postgresql-13.1/doc/src/sgml/pgbuffercache.sgml', 'startElement', 'structfield', 144, 50)
  88: ('/home/yh/pg_trans/postgresql-13.1/doc/src/sgml/pgbuffercache.sgml', 'endElement', 'structfield', 144, 72)
  88: ('/home/yh/pg_trans/postgresql-13.1/doc/src/sgml/pgbuffercache.sgml', 'endElement', 'para', 146, 9)
  74: ('/home/yh/pg_trans/postgresql-13.1/doc/src/sgml/pgbuffercache.sgml', 'startElement', 'para', 148, 8)
  74: ('/home/yh/pg_trans/postgresql-13.1/doc/src/sgml/pgbuffercache.sgml', 'startElement', 'structname', 151, 59)
  88: ('/home/yh/pg_trans/postgresql-13.1/doc/src/sgml/pgbuffercache.sgml', 'endElement', 'structname', 151, 80)
  74: ('/home/yh/pg_trans/postgresql-13.1/doc/src/sgml/pgbuffercache.sgml', 'startElement', 'structname', 153, 38)
  88: ('/home/yh/pg_trans/postgresql-13.1/doc/src/sgml/pgbuffercache.sgml', 'endElement', 'structname', 153, 59)
  74: ('/home/yh/pg_trans/postgresql-13.1/doc/src/sgml/pgbuffercache.sgml', 'startElement', 'structfield', 154, 49)
  88: ('/home/yh/pg_trans/postgresql-13.1/doc/src/sgml/pgbuffercache.sgml', 'endElement', 'structfield', 154, 74)
  88: ('/home/yh/pg_trans/postgresql-13.1/doc/src/sgml/pgbuffercache.sgml', 'endElement', 'para', 156, 9)
  74: ('/home/yh/pg_trans/postgresql-13.1/doc/src/sgml/pgbuffercache.sgml', 'startElement', 'para', 158, 8)
  74: ('/home/yh/pg_trans/postgresql-13.1/doc/src/sgml/pgbuffercache.sgml', 'startElement', 'structname', 160, 48)
  88: ('/home/yh/pg_trans/postgresql-13.1/doc/src/sgml/pgbuffercache.sgml', 'endElement', 'structname', 160, 75)
  88: ('/home/yh/pg_trans/postgresql-13.1/doc/src/sgml/pgbuffercache.sgml', 'endElement', 'para', 164, 9)
  88: ('/home/yh/pg_trans/postgresql-13.1/doc/src/sgml/pgbuffercache.sgml', 'endElement', 'sect2', 165, 9)
  74: ('/home/yh/pg_trans/postgresql-13.1/doc/src/sgml/pgbuffercache.sgml', 'startElement', 'sect2', 167, 8)
  74: ('/home/yh/pg_trans/postgresql-13.1/doc/src/sgml/pgbuffercache.sgml', 'startElement', 'title', 168, 9)
  88: ('/home/yh/pg_trans/postgresql-13.1/doc/src/sgml/pgbuffercache.sgml', 'endElement', 'title', 168, 30)
  74: ('/home/yh/pg_trans/postgresql-13.1/doc/src/sgml/pgbuffercache.sgml', 'startElement', 'screen', 170, 8)
  88: ('/home/yh/pg_trans/postgresql-13.1/doc/src/sgml/pgbuffercache.sgml', 'endElement', 'screen', 194, 9)
  88: ('/home/yh/pg_trans/postgresql-13.1/doc/src/sgml/pgbuffercache.sgml', 'endElement', 'sect2', 195, 9)
  74: ('/home/yh/pg_trans/postgresql-13.1/doc/src/sgml/pgbuffercache.sgml', 'startElement', 'sect2', 197, 8)
  74: ('/home/yh/pg_trans/postgresql-13.1/doc/src/sgml/pgbuffercache.sgml', 'startElement', 'title', 198, 9)
  88: ('/home/yh/pg_trans/postgresql-13.1/doc/src/sgml/pgbuffercache.sgml', 'endElement', 'title', 198, 24)
  74: ('/home/yh/pg_trans/postgresql-13.1/doc/src/sgml/pgbuffercache.sgml', 'startElement', 'para', 200, 8)
  74: ('/home/yh/pg_trans/postgresql-13.1/doc/src/sgml/pgbuffercache.sgml', 'startElement', 'email', 201, 24)
  88: ('/home/yh/pg_trans/postgresql-13.1/doc/src/sgml/pgbuffercache.sgml', 'endElement', 'email', 201, 54)
  88: ('/home/yh/pg_trans/postgresql-13.1/doc/src/sgml/pgbuffercache.sgml', 'endElement', 'para', 202, 9)
  74: ('/home/yh/pg_trans/postgresql-13.1/doc/src/sgml/pgbuffercache.sgml', 'startElement', 'para', 204, 8)
  74: ('/home/yh/pg_trans/postgresql-13.1/doc/src/sgml/pgbuffercache.sgml', 'startElement', 'email', 205, 42)
  88: ('/home/yh/pg_trans/postgresql-13.1/doc/src/sgml/pgbuffercache.sgml', 'endElement', 'email', 205, 67)
  88: ('/home/yh/pg_trans/postgresql-13.1/doc/src/sgml/pgbuffercache.sgml', 'endElement', 'para', 206, 9)
  74: ('/home/yh/pg_trans/postgresql-13.1/doc/src/sgml/pgbuffercache.sgml', 'startElement', 'para', 208, 8)
  74: ('/home/yh/pg_trans/postgresql-13.1/doc/src/sgml/pgbuffercache.sgml', 'startElement', 'email', 209, 37)
  88: ('/home/yh/pg_trans/postgresql-13.1/doc/src/sgml/pgbuffercache.sgml', 'endElement', 'email', 209, 62)
  88: ('/home/yh/pg_trans/postgresql-13.1/doc/src/sgml/pgbuffercache.sgml', 'endElement', 'para', 210, 9)
  88: ('/home/yh/pg_trans/postgresql-13.1/doc/src/sgml/pgbuffercache.sgml', 'endElement', 'sect2', 211, 9)
  88: ('/home/yh/pg_trans/postgresql-13.1/doc/src/sgml/pgbuffercache.sgml', 'endElement', 'sect1', 213, 8)
